[debug] [2023-06-16T14:09:26.604Z] ----------------------------------------------------------------------
[debug] [2023-06-16T14:09:26.606Z] Command:       C:\Program Files\nodejs\node.exe C:\Program Files\nodejs\node_modules\firebase-tools\lib\bin\firebase.js deploy
[debug] [2023-06-16T14:09:26.606Z] CLI Version:   12.4.0
[debug] [2023-06-16T14:09:26.606Z] Platform:      win32
[debug] [2023-06-16T14:09:26.606Z] Node Version:  v16.18.1
[debug] [2023-06-16T14:09:26.607Z] Time:          Fri Jun 16 2023 16:09:26 GMT+0200 (Mitteleuropäische Sommerzeit)
[debug] [2023-06-16T14:09:26.607Z] ----------------------------------------------------------------------
[debug] 
[debug] [2023-06-16T14:09:26.665Z] > command requires scopes: ["email","openid","https://www.googleapis.com/auth/cloudplatformprojects.readonly","https://www.googleapis.com/auth/firebase","https://www.googleapis.com/auth/cloud-platform"]
[debug] [2023-06-16T14:09:26.665Z] > authorizing via signed-in user (mikko.holfeld@gmail.com)
[debug] [2023-06-16T14:09:26.665Z] [iam] checking project scandit-live for permissions ["cloudfunctions.functions.create","cloudfunctions.functions.delete","cloudfunctions.functions.get","cloudfunctions.functions.list","cloudfunctions.functions.update","cloudfunctions.operations.get","datastore.indexes.create","datastore.indexes.delete","datastore.indexes.list","datastore.indexes.update","firebase.projects.get","firebasedatabase.instances.update","firebasehosting.sites.update"]
[debug] [2023-06-16T14:09:26.668Z] >>> [apiv2][query] POST https://cloudresourcemanager.googleapis.com/v1/projects/scandit-live:testIamPermissions [none]
[debug] [2023-06-16T14:09:26.668Z] >>> [apiv2][(partial)header] POST https://cloudresourcemanager.googleapis.com/v1/projects/scandit-live:testIamPermissions x-goog-quota-user=projects/scandit-live
[debug] [2023-06-16T14:09:26.668Z] >>> [apiv2][body] POST https://cloudresourcemanager.googleapis.com/v1/projects/scandit-live:testIamPermissions {"permissions":["cloudfunctions.functions.create","cloudfunctions.functions.delete","cloudfunctions.functions.get","cloudfunctions.functions.list","cloudfunctions.functions.update","cloudfunctions.operations.get","datastore.indexes.create","datastore.indexes.delete","datastore.indexes.list","datastore.indexes.update","firebase.projects.get","firebasedatabase.instances.update","firebasehosting.sites.update"]}
[debug] [2023-06-16T14:09:27.411Z] <<< [apiv2][status] POST https://cloudresourcemanager.googleapis.com/v1/projects/scandit-live:testIamPermissions 200
[debug] [2023-06-16T14:09:27.411Z] <<< [apiv2][body] POST https://cloudresourcemanager.googleapis.com/v1/projects/scandit-live:testIamPermissions {"permissions":["cloudfunctions.functions.create","cloudfunctions.functions.delete","cloudfunctions.functions.get","cloudfunctions.functions.list","cloudfunctions.functions.update","cloudfunctions.operations.get","datastore.indexes.create","datastore.indexes.delete","datastore.indexes.list","datastore.indexes.update","firebase.projects.get","firebasedatabase.instances.update","firebasehosting.sites.update"]}
[debug] [2023-06-16T14:09:27.411Z] >>> [apiv2][query] POST https://iam.googleapis.com/v1/projects/scandit-live/serviceAccounts/scandit-live@appspot.gserviceaccount.com:testIamPermissions [none]
[debug] [2023-06-16T14:09:27.412Z] >>> [apiv2][body] POST https://iam.googleapis.com/v1/projects/scandit-live/serviceAccounts/scandit-live@appspot.gserviceaccount.com:testIamPermissions {"permissions":["iam.serviceAccounts.actAs"]}
[debug] [2023-06-16T14:09:28.041Z] <<< [apiv2][status] POST https://iam.googleapis.com/v1/projects/scandit-live/serviceAccounts/scandit-live@appspot.gserviceaccount.com:testIamPermissions 200
[debug] [2023-06-16T14:09:28.041Z] <<< [apiv2][body] POST https://iam.googleapis.com/v1/projects/scandit-live/serviceAccounts/scandit-live@appspot.gserviceaccount.com:testIamPermissions {"permissions":["iam.serviceAccounts.actAs"]}
[debug] [2023-06-16T14:09:28.042Z] >>> [apiv2][query] GET https://firebase.googleapis.com/v1beta1/projects/scandit-live [none]
[debug] [2023-06-16T14:09:28.420Z] <<< [apiv2][status] GET https://firebase.googleapis.com/v1beta1/projects/scandit-live 200
[debug] [2023-06-16T14:09:28.421Z] <<< [apiv2][body] GET https://firebase.googleapis.com/v1beta1/projects/scandit-live {"projectId":"scandit-live","projectNumber":"467950154544","displayName":"scandit-live","name":"projects/scandit-live","resources":{"hostingSite":"scandit-live","realtimeDatabaseInstance":"scandit-live-default-rtdb"},"state":"ACTIVE","etag":"1_3a71a0cb-567f-4634-a002-5045e3219df1"}
[debug] [2023-06-16T14:09:28.422Z] >>> [apiv2][query] GET https://firebase.googleapis.com/v1beta1/projects/scandit-live [none]
[debug] [2023-06-16T14:09:28.790Z] <<< [apiv2][status] GET https://firebase.googleapis.com/v1beta1/projects/scandit-live 200
[debug] [2023-06-16T14:09:28.790Z] <<< [apiv2][body] GET https://firebase.googleapis.com/v1beta1/projects/scandit-live {"projectId":"scandit-live","projectNumber":"467950154544","displayName":"scandit-live","name":"projects/scandit-live","resources":{"hostingSite":"scandit-live","realtimeDatabaseInstance":"scandit-live-default-rtdb"},"state":"ACTIVE","etag":"1_3a71a0cb-567f-4634-a002-5045e3219df1"}
[info] 
[info] === Deploying to 'scandit-live'...
[info] 
[info] i  deploying database, firestore, functions, hosting 
[info] Running command: npm --prefix "$RESOURCE_DIR" run build
[info] +  functions: Finished running predeploy script. 
[info] i  database: checking rules syntax... 
[debug] [2023-06-16T14:09:35.266Z] >>> [apiv2][query] GET https://firebasedatabase.googleapis.com/v1beta/projects/scandit-live/locations/-/instances/scandit-live-default-rtdb [none]
[debug] [2023-06-16T14:09:35.683Z] <<< [apiv2][status] GET https://firebasedatabase.googleapis.com/v1beta/projects/scandit-live/locations/-/instances/scandit-live-default-rtdb 200
[debug] [2023-06-16T14:09:35.683Z] <<< [apiv2][body] GET https://firebasedatabase.googleapis.com/v1beta/projects/scandit-live/locations/-/instances/scandit-live-default-rtdb {"name":"projects/467950154544/locations/europe-west1/instances/scandit-live-default-rtdb","project":"projects/467950154544","databaseUrl":"https://scandit-live-default-rtdb.europe-west1.firebasedatabase.app","type":"DEFAULT_DATABASE","state":"ACTIVE"}
[debug] [2023-06-16T14:09:35.684Z] >>> [apiv2][query] PUT https://scandit-live-default-rtdb.europe-west1.firebasedatabase.app/.settings/rules.json dryRun=true
[debug] [2023-06-16T14:09:35.684Z] >>> [apiv2][body] PUT https://scandit-live-default-rtdb.europe-west1.firebasedatabase.app/.settings/rules.json "{\n  /* Visit https://firebase.google.com/docs/database/security to learn more about security rules. */\n  \"rules\": {\n    \".read\": false,\n    \".write\": false\n  }\n}"
[debug] [2023-06-16T14:09:35.813Z] <<< [apiv2][status] PUT https://scandit-live-default-rtdb.europe-west1.firebasedatabase.app/.settings/rules.json 200
[debug] [2023-06-16T14:09:35.813Z] <<< [apiv2][body] PUT https://scandit-live-default-rtdb.europe-west1.firebasedatabase.app/.settings/rules.json {"status":"ok"}
[info] +  database: rules syntax for database scandit-live-default-rtdb is valid 
[info] i  firestore: reading indexes from firestore.indexes.json... 
[info] i  cloud.firestore: checking firestore.rules for compilation errors... 
[debug] [2023-06-16T14:09:35.816Z] >>> [apiv2][query] POST https://firebaserules.googleapis.com/v1/projects/scandit-live:test [none]
[debug] [2023-06-16T14:09:35.816Z] >>> [apiv2][body] POST https://firebaserules.googleapis.com/v1/projects/scandit-live:test [omitted]
[debug] [2023-06-16T14:09:36.593Z] <<< [apiv2][status] POST https://firebaserules.googleapis.com/v1/projects/scandit-live:test 200
[debug] [2023-06-16T14:09:36.593Z] <<< [apiv2][body] POST https://firebaserules.googleapis.com/v1/projects/scandit-live:test {}
[info] +  cloud.firestore: rules file firestore.rules compiled successfully 
[debug] [2023-06-16T14:09:36.595Z] >>> [apiv2][query] GET https://firebase.googleapis.com/v1beta1/projects/scandit-live [none]
[debug] [2023-06-16T14:09:36.939Z] <<< [apiv2][status] GET https://firebase.googleapis.com/v1beta1/projects/scandit-live 200
[debug] [2023-06-16T14:09:36.939Z] <<< [apiv2][body] GET https://firebase.googleapis.com/v1beta1/projects/scandit-live {"projectId":"scandit-live","projectNumber":"467950154544","displayName":"scandit-live","name":"projects/scandit-live","resources":{"hostingSite":"scandit-live","realtimeDatabaseInstance":"scandit-live-default-rtdb"},"state":"ACTIVE","etag":"1_fe58e3ad-f07e-4350-854c-9eb84eb25366"}
[info] i  functions: preparing codebase default for deployment 
[info] i  functions: ensuring required API cloudfunctions.googleapis.com is enabled... 
[info] i  functions: ensuring required API cloudbuild.googleapis.com is enabled... 
[info] i  artifactregistry: ensuring required API artifactregistry.googleapis.com is enabled... 
[debug] [2023-06-16T14:09:36.942Z] >>> [apiv2][query] GET https://serviceusage.googleapis.com/v1/projects/scandit-live/services/cloudfunctions.googleapis.com [none]
[debug] [2023-06-16T14:09:36.942Z] >>> [apiv2][(partial)header] GET https://serviceusage.googleapis.com/v1/projects/scandit-live/services/cloudfunctions.googleapis.com x-goog-quota-user=projects/scandit-live
[debug] [2023-06-16T14:09:36.943Z] >>> [apiv2][query] GET https://serviceusage.googleapis.com/v1/projects/scandit-live/services/runtimeconfig.googleapis.com [none]
[debug] [2023-06-16T14:09:36.943Z] >>> [apiv2][(partial)header] GET https://serviceusage.googleapis.com/v1/projects/scandit-live/services/runtimeconfig.googleapis.com x-goog-quota-user=projects/scandit-live
[debug] [2023-06-16T14:09:36.944Z] >>> [apiv2][query] GET https://serviceusage.googleapis.com/v1/projects/scandit-live/services/cloudbuild.googleapis.com [none]
[debug] [2023-06-16T14:09:36.944Z] >>> [apiv2][(partial)header] GET https://serviceusage.googleapis.com/v1/projects/scandit-live/services/cloudbuild.googleapis.com x-goog-quota-user=projects/scandit-live
[debug] [2023-06-16T14:09:36.945Z] >>> [apiv2][query] GET https://serviceusage.googleapis.com/v1/projects/scandit-live/services/artifactregistry.googleapis.com [none]
[debug] [2023-06-16T14:09:36.945Z] >>> [apiv2][(partial)header] GET https://serviceusage.googleapis.com/v1/projects/scandit-live/services/artifactregistry.googleapis.com x-goog-quota-user=projects/scandit-live
[debug] [2023-06-16T14:09:37.343Z] <<< [apiv2][status] GET https://serviceusage.googleapis.com/v1/projects/scandit-live/services/cloudbuild.googleapis.com 200
[debug] [2023-06-16T14:09:37.343Z] <<< [apiv2][body] GET https://serviceusage.googleapis.com/v1/projects/scandit-live/services/cloudbuild.googleapis.com [omitted]
[warn] !  functions: missing required API cloudbuild.googleapis.com. Enabling now... 
[debug] [2023-06-16T14:09:37.343Z] >>> [apiv2][query] POST https://serviceusage.googleapis.com/v1/projects/scandit-live/services/cloudbuild.googleapis.com:enable [none]
[debug] [2023-06-16T14:09:37.343Z] >>> [apiv2][(partial)header] POST https://serviceusage.googleapis.com/v1/projects/scandit-live/services/cloudbuild.googleapis.com:enable x-goog-quota-user=projects/scandit-live
[debug] [2023-06-16T14:09:37.810Z] <<< [apiv2][status] GET https://serviceusage.googleapis.com/v1/projects/scandit-live/services/artifactregistry.googleapis.com 200
[debug] [2023-06-16T14:09:37.810Z] <<< [apiv2][body] GET https://serviceusage.googleapis.com/v1/projects/scandit-live/services/artifactregistry.googleapis.com [omitted]
[warn] !  artifactregistry: missing required API artifactregistry.googleapis.com. Enabling now... 
[debug] [2023-06-16T14:09:37.811Z] >>> [apiv2][query] POST https://serviceusage.googleapis.com/v1/projects/scandit-live/services/artifactregistry.googleapis.com:enable [none]
[debug] [2023-06-16T14:09:37.811Z] >>> [apiv2][(partial)header] POST https://serviceusage.googleapis.com/v1/projects/scandit-live/services/artifactregistry.googleapis.com:enable x-goog-quota-user=projects/scandit-live
[debug] [2023-06-16T14:09:37.816Z] <<< [apiv2][status] GET https://serviceusage.googleapis.com/v1/projects/scandit-live/services/runtimeconfig.googleapis.com 200
[debug] [2023-06-16T14:09:37.816Z] <<< [apiv2][body] GET https://serviceusage.googleapis.com/v1/projects/scandit-live/services/runtimeconfig.googleapis.com [omitted]
[debug] [2023-06-16T14:09:37.820Z] <<< [apiv2][status] GET https://serviceusage.googleapis.com/v1/projects/scandit-live/services/cloudfunctions.googleapis.com 200
[debug] [2023-06-16T14:09:37.820Z] <<< [apiv2][body] GET https://serviceusage.googleapis.com/v1/projects/scandit-live/services/cloudfunctions.googleapis.com [omitted]
[info] +  functions: required API cloudfunctions.googleapis.com is enabled 
[debug] [2023-06-16T14:09:38.902Z] <<< [apiv2][status] POST https://serviceusage.googleapis.com/v1/projects/scandit-live/services/cloudbuild.googleapis.com:enable 200
[debug] [2023-06-16T14:09:38.902Z] <<< [apiv2][body] POST https://serviceusage.googleapis.com/v1/projects/scandit-live/services/cloudbuild.googleapis.com:enable [omitted]
[debug] [2023-06-16T14:09:39.165Z] <<< [apiv2][status] POST https://serviceusage.googleapis.com/v1/projects/scandit-live/services/artifactregistry.googleapis.com:enable 200
[debug] [2023-06-16T14:09:39.165Z] <<< [apiv2][body] POST https://serviceusage.googleapis.com/v1/projects/scandit-live/services/artifactregistry.googleapis.com:enable [omitted]
[debug] [2023-06-16T14:09:48.904Z] >>> [apiv2][query] GET https://serviceusage.googleapis.com/v1/projects/scandit-live/services/cloudbuild.googleapis.com [none]
[debug] [2023-06-16T14:09:48.904Z] >>> [apiv2][(partial)header] GET https://serviceusage.googleapis.com/v1/projects/scandit-live/services/cloudbuild.googleapis.com x-goog-quota-user=projects/scandit-live
[debug] [2023-06-16T14:09:49.175Z] >>> [apiv2][query] GET https://serviceusage.googleapis.com/v1/projects/scandit-live/services/artifactregistry.googleapis.com [none]
[debug] [2023-06-16T14:09:49.175Z] >>> [apiv2][(partial)header] GET https://serviceusage.googleapis.com/v1/projects/scandit-live/services/artifactregistry.googleapis.com x-goog-quota-user=projects/scandit-live
[debug] [2023-06-16T14:09:49.750Z] <<< [apiv2][status] GET https://serviceusage.googleapis.com/v1/projects/scandit-live/services/cloudbuild.googleapis.com 200
[debug] [2023-06-16T14:09:49.750Z] <<< [apiv2][body] GET https://serviceusage.googleapis.com/v1/projects/scandit-live/services/cloudbuild.googleapis.com [omitted]
[info] +  functions: required API cloudbuild.googleapis.com is enabled 
[debug] [2023-06-16T14:09:49.989Z] <<< [apiv2][status] GET https://serviceusage.googleapis.com/v1/projects/scandit-live/services/artifactregistry.googleapis.com 200
[debug] [2023-06-16T14:09:49.989Z] <<< [apiv2][body] GET https://serviceusage.googleapis.com/v1/projects/scandit-live/services/artifactregistry.googleapis.com [omitted]
[info] +  artifactregistry: required API artifactregistry.googleapis.com is enabled 
[debug] [2023-06-16T14:09:49.991Z] >>> [apiv2][query] GET https://firebase.googleapis.com/v1beta1/projects/scandit-live/adminSdkConfig [none]
[debug] [2023-06-16T14:09:50.340Z] <<< [apiv2][status] GET https://firebase.googleapis.com/v1beta1/projects/scandit-live/adminSdkConfig 200
[debug] [2023-06-16T14:09:50.340Z] <<< [apiv2][body] GET https://firebase.googleapis.com/v1beta1/projects/scandit-live/adminSdkConfig {"projectId":"scandit-live","databaseURL":"https://scandit-live-default-rtdb.europe-west1.firebasedatabase.app","storageBucket":"scandit-live.appspot.com"}
[debug] [2023-06-16T14:09:50.340Z] >>> [apiv2][query] GET https://runtimeconfig.googleapis.com/v1beta1/projects/scandit-live/configs [none]
[debug] [2023-06-16T14:09:50.614Z] <<< [apiv2][status] GET https://runtimeconfig.googleapis.com/v1beta1/projects/scandit-live/configs 200
[debug] [2023-06-16T14:09:50.614Z] <<< [apiv2][body] GET https://runtimeconfig.googleapis.com/v1beta1/projects/scandit-live/configs {}
[debug] [2023-06-16T14:09:50.616Z] Validating nodejs source
[debug] [2023-06-16T14:09:51.799Z] > [functions] package.json contents: {
  "name": "functions",
  "scripts": {
    "build": "tsc",
    "build:watch": "tsc --watch",
    "serve": "npm run build && firebase emulators:start --only functions",
    "shell": "npm run build && firebase functions:shell",
    "start": "npm run shell",
    "deploy": "firebase deploy --only functions",
    "logs": "firebase functions:log"
  },
  "engines": {
    "node": "18"
  },
  "main": "lib/index.js",
  "dependencies": {
    "firebase-admin": "^11.8.0",
    "firebase-functions": "^4.3.1"
  },
  "devDependencies": {
    "typescript": "^4.9.0",
    "firebase-functions-test": "^3.1.0"
  },
  "private": true
}
[debug] [2023-06-16T14:09:51.799Z] Building nodejs source
[debug] [2023-06-16T14:09:51.800Z] Could not find functions.yaml. Must use http discovery
[debug] [2023-06-16T14:09:51.812Z] Found firebase-functions binary at 'D:\scanDit\functions\node_modules\.bin\firebase-functions'
[debug] [2023-06-16T14:09:53.521Z] Serving at port 8395

[debug] [2023-06-16T14:09:55.827Z] Got response from /__/functions.yaml {"endpoints":{"helloWorld":{"availableMemoryMb":null,"timeoutSeconds":null,"minInstances":null,"maxInstances":null,"ingressSettings":null,"concurrency":null,"serviceAccountEmail":null,"vpc":null,"platform":"gcfv2","labels":{},"httpsTrigger":{},"entryPoint":"helloWorld"}},"specVersion":"v1alpha1","requiredAPIs":[]}
[debug] [2023-06-16T14:09:55.836Z] shutdown requested via /__/quitquitquit

[info] i  functions: preparing functions directory for uploading... 
[info] i  functions: packaged D:\scanDit\functions (65.4 KB) for uploading 
[debug] [2023-06-16T14:09:55.893Z] >>> [apiv2][query] GET https://cloudfunctions.googleapis.com/v1/projects/scandit-live/locations/-/functions [none]
[debug] [2023-06-16T14:09:56.436Z] <<< [apiv2][status] GET https://cloudfunctions.googleapis.com/v1/projects/scandit-live/locations/-/functions 200
[debug] [2023-06-16T14:09:56.437Z] <<< [apiv2][body] GET https://cloudfunctions.googleapis.com/v1/projects/scandit-live/locations/-/functions {}
[debug] [2023-06-16T14:09:56.437Z] >>> [apiv2][query] GET https://cloudfunctions.googleapis.com/v2/projects/scandit-live/locations/-/functions filter=environment%3D%22GEN_2%22
[debug] [2023-06-16T14:09:57.469Z] <<< [apiv2][status] GET https://cloudfunctions.googleapis.com/v2/projects/scandit-live/locations/-/functions 200
[debug] [2023-06-16T14:09:57.469Z] <<< [apiv2][body] GET https://cloudfunctions.googleapis.com/v2/projects/scandit-live/locations/-/functions {}
[info] i  functions: ensuring required API run.googleapis.com is enabled... 
[info] i  functions: ensuring required API eventarc.googleapis.com is enabled... 
[info] i  functions: ensuring required API pubsub.googleapis.com is enabled... 
[info] i  functions: ensuring required API storage.googleapis.com is enabled... 
[debug] [2023-06-16T14:09:57.473Z] >>> [apiv2][query] GET https://serviceusage.googleapis.com/v1/projects/scandit-live/services/run.googleapis.com [none]
[debug] [2023-06-16T14:09:57.473Z] >>> [apiv2][(partial)header] GET https://serviceusage.googleapis.com/v1/projects/scandit-live/services/run.googleapis.com x-goog-quota-user=projects/scandit-live
[debug] [2023-06-16T14:09:57.474Z] >>> [apiv2][query] GET https://serviceusage.googleapis.com/v1/projects/scandit-live/services/eventarc.googleapis.com [none]
[debug] [2023-06-16T14:09:57.474Z] >>> [apiv2][(partial)header] GET https://serviceusage.googleapis.com/v1/projects/scandit-live/services/eventarc.googleapis.com x-goog-quota-user=projects/scandit-live
[debug] [2023-06-16T14:09:57.474Z] >>> [apiv2][query] GET https://serviceusage.googleapis.com/v1/projects/scandit-live/services/pubsub.googleapis.com [none]
[debug] [2023-06-16T14:09:57.474Z] >>> [apiv2][(partial)header] GET https://serviceusage.googleapis.com/v1/projects/scandit-live/services/pubsub.googleapis.com x-goog-quota-user=projects/scandit-live
[debug] [2023-06-16T14:09:57.475Z] >>> [apiv2][query] GET https://serviceusage.googleapis.com/v1/projects/scandit-live/services/storage.googleapis.com [none]
[debug] [2023-06-16T14:09:57.475Z] >>> [apiv2][(partial)header] GET https://serviceusage.googleapis.com/v1/projects/scandit-live/services/storage.googleapis.com x-goog-quota-user=projects/scandit-live
[debug] [2023-06-16T14:09:57.823Z] <<< [apiv2][status] GET https://serviceusage.googleapis.com/v1/projects/scandit-live/services/run.googleapis.com 200
[debug] [2023-06-16T14:09:57.823Z] <<< [apiv2][body] GET https://serviceusage.googleapis.com/v1/projects/scandit-live/services/run.googleapis.com [omitted]
[warn] !  functions: missing required API run.googleapis.com. Enabling now... 
[debug] [2023-06-16T14:09:57.824Z] >>> [apiv2][query] POST https://serviceusage.googleapis.com/v1/projects/scandit-live/services/run.googleapis.com:enable [none]
[debug] [2023-06-16T14:09:57.825Z] >>> [apiv2][(partial)header] POST https://serviceusage.googleapis.com/v1/projects/scandit-live/services/run.googleapis.com:enable x-goog-quota-user=projects/scandit-live
[debug] [2023-06-16T14:09:58.310Z] <<< [apiv2][status] GET https://serviceusage.googleapis.com/v1/projects/scandit-live/services/storage.googleapis.com 200
[debug] [2023-06-16T14:09:58.310Z] <<< [apiv2][body] GET https://serviceusage.googleapis.com/v1/projects/scandit-live/services/storage.googleapis.com [omitted]
[info] +  functions: required API storage.googleapis.com is enabled 
[debug] [2023-06-16T14:09:58.312Z] <<< [apiv2][status] GET https://serviceusage.googleapis.com/v1/projects/scandit-live/services/pubsub.googleapis.com 200
[debug] [2023-06-16T14:09:58.312Z] <<< [apiv2][body] GET https://serviceusage.googleapis.com/v1/projects/scandit-live/services/pubsub.googleapis.com [omitted]
[info] +  functions: required API pubsub.googleapis.com is enabled 
[debug] [2023-06-16T14:09:58.317Z] <<< [apiv2][status] GET https://serviceusage.googleapis.com/v1/projects/scandit-live/services/eventarc.googleapis.com 200
[debug] [2023-06-16T14:09:58.317Z] <<< [apiv2][body] GET https://serviceusage.googleapis.com/v1/projects/scandit-live/services/eventarc.googleapis.com [omitted]
[warn] !  functions: missing required API eventarc.googleapis.com. Enabling now... 
[debug] [2023-06-16T14:09:58.317Z] >>> [apiv2][query] POST https://serviceusage.googleapis.com/v1/projects/scandit-live/services/eventarc.googleapis.com:enable [none]
[debug] [2023-06-16T14:09:58.317Z] >>> [apiv2][(partial)header] POST https://serviceusage.googleapis.com/v1/projects/scandit-live/services/eventarc.googleapis.com:enable x-goog-quota-user=projects/scandit-live
[debug] [2023-06-16T14:09:59.495Z] <<< [apiv2][status] POST https://serviceusage.googleapis.com/v1/projects/scandit-live/services/run.googleapis.com:enable 200
[debug] [2023-06-16T14:09:59.495Z] <<< [apiv2][body] POST https://serviceusage.googleapis.com/v1/projects/scandit-live/services/run.googleapis.com:enable [omitted]
[debug] [2023-06-16T14:09:59.661Z] <<< [apiv2][status] POST https://serviceusage.googleapis.com/v1/projects/scandit-live/services/eventarc.googleapis.com:enable 200
[debug] [2023-06-16T14:09:59.661Z] <<< [apiv2][body] POST https://serviceusage.googleapis.com/v1/projects/scandit-live/services/eventarc.googleapis.com:enable [omitted]
[debug] [2023-06-16T14:10:09.502Z] >>> [apiv2][query] GET https://serviceusage.googleapis.com/v1/projects/scandit-live/services/run.googleapis.com [none]
[debug] [2023-06-16T14:10:09.503Z] >>> [apiv2][(partial)header] GET https://serviceusage.googleapis.com/v1/projects/scandit-live/services/run.googleapis.com x-goog-quota-user=projects/scandit-live
[debug] [2023-06-16T14:10:09.676Z] >>> [apiv2][query] GET https://serviceusage.googleapis.com/v1/projects/scandit-live/services/eventarc.googleapis.com [none]
[debug] [2023-06-16T14:10:09.677Z] >>> [apiv2][(partial)header] GET https://serviceusage.googleapis.com/v1/projects/scandit-live/services/eventarc.googleapis.com x-goog-quota-user=projects/scandit-live
[debug] [2023-06-16T14:10:10.343Z] <<< [apiv2][status] GET https://serviceusage.googleapis.com/v1/projects/scandit-live/services/run.googleapis.com 200
[debug] [2023-06-16T14:10:10.343Z] <<< [apiv2][body] GET https://serviceusage.googleapis.com/v1/projects/scandit-live/services/run.googleapis.com [omitted]
[info] +  functions: required API run.googleapis.com is enabled 
[debug] [2023-06-16T14:10:10.534Z] <<< [apiv2][status] GET https://serviceusage.googleapis.com/v1/projects/scandit-live/services/eventarc.googleapis.com 200
[debug] [2023-06-16T14:10:10.534Z] <<< [apiv2][body] GET https://serviceusage.googleapis.com/v1/projects/scandit-live/services/eventarc.googleapis.com [omitted]
[info] +  functions: required API eventarc.googleapis.com is enabled 
[info] i  functions: generating the service identity for pubsub.googleapis.com... 
[info] i  functions: generating the service identity for eventarc.googleapis.com... 
[debug] [2023-06-16T14:10:10.539Z] >>> [apiv2][query] POST https://serviceusage.googleapis.com/v1beta1/projects/467950154544/services/pubsub.googleapis.com:generateServiceIdentity [none]
[debug] [2023-06-16T14:10:10.540Z] >>> [apiv2][query] POST https://serviceusage.googleapis.com/v1beta1/projects/467950154544/services/eventarc.googleapis.com:generateServiceIdentity [none]
[debug] [2023-06-16T14:10:11.536Z] <<< [apiv2][status] POST https://serviceusage.googleapis.com/v1beta1/projects/467950154544/services/pubsub.googleapis.com:generateServiceIdentity 200
[debug] [2023-06-16T14:10:11.537Z] <<< [apiv2][body] POST https://serviceusage.googleapis.com/v1beta1/projects/467950154544/services/pubsub.googleapis.com:generateServiceIdentity {"name":"operations/finished.DONE_OPERATION","done":true,"response":{"@type":"type.googleapis.com/google.api.serviceusage.v1beta1.ServiceIdentity","email":"service-467950154544@gcp-sa-pubsub.iam.gserviceaccount.com","uniqueId":"109941649955791745474"}}
[debug] [2023-06-16T14:10:11.882Z] <<< [apiv2][status] POST https://serviceusage.googleapis.com/v1beta1/projects/467950154544/services/eventarc.googleapis.com:generateServiceIdentity 200
[debug] [2023-06-16T14:10:11.882Z] <<< [apiv2][body] POST https://serviceusage.googleapis.com/v1beta1/projects/467950154544/services/eventarc.googleapis.com:generateServiceIdentity {"name":"operations/finished.DONE_OPERATION","done":true,"response":{"@type":"type.googleapis.com/google.api.serviceusage.v1beta1.ServiceIdentity","email":"service-467950154544@gcp-sa-eventarc.iam.gserviceaccount.com","uniqueId":"106049622714265085291"}}
[debug] [2023-06-16T14:10:11.888Z] >>> [apiv2][query] GET https://firebase.googleapis.com/v1beta1/projects/scandit-live [none]
[debug] [2023-06-16T14:10:12.154Z] <<< [apiv2][status] GET https://firebase.googleapis.com/v1beta1/projects/scandit-live 200
[debug] [2023-06-16T14:10:12.154Z] <<< [apiv2][body] GET https://firebase.googleapis.com/v1beta1/projects/scandit-live {"projectId":"scandit-live","projectNumber":"467950154544","displayName":"scandit-live","name":"projects/scandit-live","resources":{"hostingSite":"scandit-live","realtimeDatabaseInstance":"scandit-live-default-rtdb"},"state":"ACTIVE","etag":"1_fe58e3ad-f07e-4350-854c-9eb84eb25366"}
[debug] [2023-06-16T14:10:12.158Z] >>> [apiv2][query] POST https://firebasehosting.googleapis.com/v1beta1/projects/-/sites/scandit-live/versions [none]
[debug] [2023-06-16T14:10:12.158Z] >>> [apiv2][body] POST https://firebasehosting.googleapis.com/v1beta1/projects/-/sites/scandit-live/versions {"status":"CREATED","labels":{"deployment-tool":"cli-firebase"}}
[debug] [2023-06-16T14:10:13.605Z] <<< [apiv2][status] POST https://firebasehosting.googleapis.com/v1beta1/projects/-/sites/scandit-live/versions 200
[debug] [2023-06-16T14:10:13.605Z] <<< [apiv2][body] POST https://firebasehosting.googleapis.com/v1beta1/projects/-/sites/scandit-live/versions {"name":"projects/467950154544/sites/scandit-live/versions/0c006128fcca0ae0","status":"CREATED","config":{},"labels":{"deployment-tool":"cli-firebase"}}
[info] i  firestore: deploying indexes... 
[debug] [2023-06-16T14:10:13.607Z] >>> [apiv2][query] GET https://firebaserules.googleapis.com/v1/projects/scandit-live/releases pageSize=10&pageToken=
[debug] [2023-06-16T14:10:13.608Z] >>> [apiv2][query] GET https://firestore.googleapis.com/v1/projects/scandit-live/databases/(default)/collectionGroups/-/indexes [none]
[debug] [2023-06-16T14:10:13.801Z] <<< [apiv2][status] GET https://firestore.googleapis.com/v1/projects/scandit-live/databases/(default)/collectionGroups/-/indexes 200
[debug] [2023-06-16T14:10:13.801Z] <<< [apiv2][body] GET https://firestore.googleapis.com/v1/projects/scandit-live/databases/(default)/collectionGroups/-/indexes {}
[debug] [2023-06-16T14:10:13.802Z] >>> [apiv2][query] GET https://firestore.googleapis.com/v1/projects/scandit-live/databases/(default)/collectionGroups/-/fields?filter=indexConfig.usesAncestorConfig=false OR ttlConfig:* [none]
[debug] [2023-06-16T14:10:13.851Z] <<< [apiv2][status] GET https://firebaserules.googleapis.com/v1/projects/scandit-live/releases 200
[debug] [2023-06-16T14:10:13.852Z] <<< [apiv2][body] GET https://firebaserules.googleapis.com/v1/projects/scandit-live/releases {"releases":[{"name":"projects/scandit-live/releases/cloud.firestore","rulesetName":"projects/scandit-live/rulesets/930874c4-a30b-48a4-bebd-a75741e649d9","createTime":"2023-06-16T14:03:00.812946Z","updateTime":"2023-06-16T14:03:00.812946Z"}]}
[debug] [2023-06-16T14:10:13.852Z] >>> [apiv2][query] GET https://firebaserules.googleapis.com/v1/projects/scandit-live/rulesets/930874c4-a30b-48a4-bebd-a75741e649d9 [none]
[debug] [2023-06-16T14:10:13.988Z] <<< [apiv2][status] GET https://firestore.googleapis.com/v1/projects/scandit-live/databases/(default)/collectionGroups/-/fields?filter=indexConfig.usesAncestorConfig=false OR ttlConfig:* 200
[debug] [2023-06-16T14:10:13.988Z] <<< [apiv2][body] GET https://firestore.googleapis.com/v1/projects/scandit-live/databases/(default)/collectionGroups/-/fields?filter=indexConfig.usesAncestorConfig=false OR ttlConfig:* {"fields":[{"name":"projects/scandit-live/databases/(default)/collectionGroups/__default__/fields/*","indexConfig":{"indexes":[{"queryScope":"COLLECTION","fields":[{"fieldPath":"*","order":"ASCENDING"}],"state":"READY"},{"queryScope":"COLLECTION","fields":[{"fieldPath":"*","order":"DESCENDING"}],"state":"READY"},{"queryScope":"COLLECTION","fields":[{"fieldPath":"*","arrayConfig":"CONTAINS"}],"state":"READY"}]}}]}
[info] +  firestore: deployed indexes in firestore.indexes.json successfully for (default) database 
[debug] [2023-06-16T14:10:14.577Z] <<< [apiv2][status] GET https://firebaserules.googleapis.com/v1/projects/scandit-live/rulesets/930874c4-a30b-48a4-bebd-a75741e649d9 200
[debug] [2023-06-16T14:10:14.577Z] <<< [apiv2][body] GET https://firebaserules.googleapis.com/v1/projects/scandit-live/rulesets/930874c4-a30b-48a4-bebd-a75741e649d9 [omitted]
[info] i  firestore: latest version of firestore.rules already up to date, skipping upload... 
[debug] [2023-06-16T14:10:14.579Z] [functions] found 1 new HTTP functions, testing setIamPolicy permission...
[debug] [2023-06-16T14:10:14.579Z] >>> [apiv2][query] POST https://cloudresourcemanager.googleapis.com/v1/projects/scandit-live:testIamPermissions [none]
[debug] [2023-06-16T14:10:14.579Z] >>> [apiv2][(partial)header] POST https://cloudresourcemanager.googleapis.com/v1/projects/scandit-live:testIamPermissions x-goog-quota-user=projects/scandit-live
[debug] [2023-06-16T14:10:14.579Z] >>> [apiv2][body] POST https://cloudresourcemanager.googleapis.com/v1/projects/scandit-live:testIamPermissions {"permissions":["cloudfunctions.functions.setIamPolicy"]}
[debug] [2023-06-16T14:10:15.257Z] <<< [apiv2][status] POST https://cloudresourcemanager.googleapis.com/v1/projects/scandit-live:testIamPermissions 200
[debug] [2023-06-16T14:10:15.258Z] <<< [apiv2][body] POST https://cloudresourcemanager.googleapis.com/v1/projects/scandit-live:testIamPermissions {"permissions":["cloudfunctions.functions.setIamPolicy"]}
[debug] [2023-06-16T14:10:15.258Z] [functions] found setIamPolicy permission, proceeding with deploy
[debug] [2023-06-16T14:10:15.258Z] >>> [apiv2][query] POST https://cloudfunctions.googleapis.com/v2/projects/scandit-live/locations/us-central1/functions:generateUploadUrl [none]
[debug] [2023-06-16T14:10:17.136Z] <<< [apiv2][status] POST https://cloudfunctions.googleapis.com/v2/projects/scandit-live/locations/us-central1/functions:generateUploadUrl 200
[debug] [2023-06-16T14:10:17.136Z] <<< [apiv2][body] POST https://cloudfunctions.googleapis.com/v2/projects/scandit-live/locations/us-central1/functions:generateUploadUrl {"uploadUrl":"https://storage.googleapis.com/gcf-v2-uploads-467950154544-us-central1/a70ec15c-ae73-465d-bcdb-14cff6e9f1a1.zip?GoogleAccessId=service-467950154544@gcf-admin-robot.iam.gserviceaccount.com&Expires=1686926417&Signature=ovsEwH4CzzZIE5UpFJj7oIqzT2OcVn897UK4HEw7scdhtYbR4j3sGmLjxJ7Gt3JrTGrh4%2Bw1SxycD%2Bh%2FabDCKdIGo%2B2eJeF0ffHZyNFfhVrquIs7qad00w4uv4Kumssw9s9LPQYtnwA1RY%2F6a0iyK6cZ%2Bxo4giWhZT6Ky8zYQH1pFZk3VinScfRsR0e7pjkliBMc9YFBqDLgnLqsnJfm4qExRZe1xb54opb0PB1I1dhqyKnc0mqNHV0XBcdJ0Do%2FAm2AUU%2BUeU0lT4aU80BPphhTs9nzFGQReukAW%2FVhQLW1koepCshY96ndeZ3aKute0iWEPTxzj0TKz2saoufiTA%3D%3D","storageSource":{"bucket":"gcf-v2-uploads-467950154544-us-central1","object":"a70ec15c-ae73-465d-bcdb-14cff6e9f1a1.zip"}}
[debug] [2023-06-16T14:10:17.136Z] >>> [apiv2][query] PUT https://storage.googleapis.com/gcf-v2-uploads-467950154544-us-central1/a70ec15c-ae73-465d-bcdb-14cff6e9f1a1.zip GoogleAccessId=service-467950154544%40gcf-admin-robot.iam.gserviceaccount.com&Expires=1686926417&Signature=ovsEwH4CzzZIE5UpFJj7oIqzT2OcVn897UK4HEw7scdhtYbR4j3sGmLjxJ7Gt3JrTGrh4%2Bw1SxycD%2Bh%2FabDCKdIGo%2B2eJeF0ffHZyNFfhVrquIs7qad00w4uv4Kumssw9s9LPQYtnwA1RY%2F6a0iyK6cZ%2Bxo4giWhZT6Ky8zYQH1pFZk3VinScfRsR0e7pjkliBMc9YFBqDLgnLqsnJfm4qExRZe1xb54opb0PB1I1dhqyKnc0mqNHV0XBcdJ0Do%2FAm2AUU%2BUeU0lT4aU80BPphhTs9nzFGQReukAW%2FVhQLW1koepCshY96ndeZ3aKute0iWEPTxzj0TKz2saoufiTA%3D%3D
[debug] [2023-06-16T14:10:17.137Z] >>> [apiv2][body] PUT https://storage.googleapis.com/gcf-v2-uploads-467950154544-us-central1/a70ec15c-ae73-465d-bcdb-14cff6e9f1a1.zip [stream]
[debug] [2023-06-16T14:10:17.754Z] <<< [apiv2][status] PUT https://storage.googleapis.com/gcf-v2-uploads-467950154544-us-central1/a70ec15c-ae73-465d-bcdb-14cff6e9f1a1.zip 200
[debug] [2023-06-16T14:10:17.754Z] <<< [apiv2][body] PUT https://storage.googleapis.com/gcf-v2-uploads-467950154544-us-central1/a70ec15c-ae73-465d-bcdb-14cff6e9f1a1.zip [omitted]
[info] +  functions: functions folder uploaded successfully 
[info] i  hosting[scandit-live]: beginning deploy... 
[info] i  hosting[scandit-live]: found 6 files in public 
[debug] [2023-06-16T14:10:17.760Z] [hosting] uploading with 200 concurrency
[debug] [2023-06-16T14:10:17.761Z] [hosting] hash cache [cHVibGlj] not populated
[debug] [2023-06-16T14:10:17.778Z] [hosting] hash cache [cHVibGlj] stored for 6 files
[debug] [2023-06-16T14:10:17.778Z] [hosting][hash queue][FINAL] {"max":13,"min":11,"avg":11.833333333333334,"active":0,"complete":6,"success":6,"errored":0,"retried":0,"total":6,"elapsed":16}
[debug] [2023-06-16T14:10:17.778Z] >>> [apiv2][query] POST https://firebasehosting.googleapis.com/v1beta1/projects/467950154544/sites/scandit-live/versions/0c006128fcca0ae0:populateFiles [none]
[debug] [2023-06-16T14:10:17.778Z] >>> [apiv2][body] POST https://firebasehosting.googleapis.com/v1beta1/projects/467950154544/sites/scandit-live/versions/0c006128fcca0ae0:populateFiles {"files":{"/logo512.png":"ee7e2f3fdb8209c4b6fd7bef6ba50d1b9dba30a25bb5c3126df057e1cb6f5331","/logo192.png":"3ee59515172ee198f3be375979df15ac5345183e656720a381b8872b2a39dc8b","/favicon.ico":"eae62e993eb980ec8a25058c39d5a51feab118bd2100c4deebb2a9c158ec11f9","/index.html":"820c850791eeaef190f4564272c4cbe718a2f8ead4973eeacc12aa8473f3b4c5","/manifest.json":"aff3449bdc238776f5d6d967f19ec491b36aed5fb7f23ccff6500736fd58494a","/robots.txt":"bfe106a3fb878dc83461c86818bf74fc1bdc7f28538ba613cd3e775516ce8b49"}}
[debug] [2023-06-16T14:10:18.642Z] <<< [apiv2][status] POST https://firebasehosting.googleapis.com/v1beta1/projects/467950154544/sites/scandit-live/versions/0c006128fcca0ae0:populateFiles 200
[debug] [2023-06-16T14:10:18.642Z] <<< [apiv2][body] POST https://firebasehosting.googleapis.com/v1beta1/projects/467950154544/sites/scandit-live/versions/0c006128fcca0ae0:populateFiles {"uploadRequiredHashes":["bfe106a3fb878dc83461c86818bf74fc1bdc7f28538ba613cd3e775516ce8b49","ee7e2f3fdb8209c4b6fd7bef6ba50d1b9dba30a25bb5c3126df057e1cb6f5331","3ee59515172ee198f3be375979df15ac5345183e656720a381b8872b2a39dc8b","eae62e993eb980ec8a25058c39d5a51feab118bd2100c4deebb2a9c158ec11f9","820c850791eeaef190f4564272c4cbe718a2f8ead4973eeacc12aa8473f3b4c5","aff3449bdc238776f5d6d967f19ec491b36aed5fb7f23ccff6500736fd58494a"],"uploadUrl":"https://upload-firebasehosting.googleapis.com/upload/sites/scandit-live/versions/0c006128fcca0ae0/files"}
[debug] [2023-06-16T14:10:18.644Z] >>> [apiv2][query] POST https://upload-firebasehosting.googleapis.com/upload/sites/scandit-live/versions/0c006128fcca0ae0/files/bfe106a3fb878dc83461c86818bf74fc1bdc7f28538ba613cd3e775516ce8b49 [none]
[debug] [2023-06-16T14:10:18.644Z] >>> [apiv2][body] POST https://upload-firebasehosting.googleapis.com/upload/sites/scandit-live/versions/0c006128fcca0ae0/files/bfe106a3fb878dc83461c86818bf74fc1bdc7f28538ba613cd3e775516ce8b49 [stream]
[debug] [2023-06-16T14:10:18.644Z] >>> [apiv2][query] POST https://upload-firebasehosting.googleapis.com/upload/sites/scandit-live/versions/0c006128fcca0ae0/files/ee7e2f3fdb8209c4b6fd7bef6ba50d1b9dba30a25bb5c3126df057e1cb6f5331 [none]
[debug] [2023-06-16T14:10:18.644Z] >>> [apiv2][body] POST https://upload-firebasehosting.googleapis.com/upload/sites/scandit-live/versions/0c006128fcca0ae0/files/ee7e2f3fdb8209c4b6fd7bef6ba50d1b9dba30a25bb5c3126df057e1cb6f5331 [stream]
[debug] [2023-06-16T14:10:18.645Z] >>> [apiv2][query] POST https://upload-firebasehosting.googleapis.com/upload/sites/scandit-live/versions/0c006128fcca0ae0/files/3ee59515172ee198f3be375979df15ac5345183e656720a381b8872b2a39dc8b [none]
[debug] [2023-06-16T14:10:18.645Z] >>> [apiv2][body] POST https://upload-firebasehosting.googleapis.com/upload/sites/scandit-live/versions/0c006128fcca0ae0/files/3ee59515172ee198f3be375979df15ac5345183e656720a381b8872b2a39dc8b [stream]
[debug] [2023-06-16T14:10:18.646Z] >>> [apiv2][query] POST https://upload-firebasehosting.googleapis.com/upload/sites/scandit-live/versions/0c006128fcca0ae0/files/eae62e993eb980ec8a25058c39d5a51feab118bd2100c4deebb2a9c158ec11f9 [none]
[debug] [2023-06-16T14:10:18.646Z] >>> [apiv2][body] POST https://upload-firebasehosting.googleapis.com/upload/sites/scandit-live/versions/0c006128fcca0ae0/files/eae62e993eb980ec8a25058c39d5a51feab118bd2100c4deebb2a9c158ec11f9 [stream]
[debug] [2023-06-16T14:10:18.647Z] >>> [apiv2][query] POST https://upload-firebasehosting.googleapis.com/upload/sites/scandit-live/versions/0c006128fcca0ae0/files/820c850791eeaef190f4564272c4cbe718a2f8ead4973eeacc12aa8473f3b4c5 [none]
[debug] [2023-06-16T14:10:18.647Z] >>> [apiv2][body] POST https://upload-firebasehosting.googleapis.com/upload/sites/scandit-live/versions/0c006128fcca0ae0/files/820c850791eeaef190f4564272c4cbe718a2f8ead4973eeacc12aa8473f3b4c5 [stream]
[debug] [2023-06-16T14:10:18.647Z] >>> [apiv2][query] POST https://upload-firebasehosting.googleapis.com/upload/sites/scandit-live/versions/0c006128fcca0ae0/files/aff3449bdc238776f5d6d967f19ec491b36aed5fb7f23ccff6500736fd58494a [none]
[debug] [2023-06-16T14:10:18.647Z] >>> [apiv2][body] POST https://upload-firebasehosting.googleapis.com/upload/sites/scandit-live/versions/0c006128fcca0ae0/files/aff3449bdc238776f5d6d967f19ec491b36aed5fb7f23ccff6500736fd58494a [stream]
[debug] [2023-06-16T14:10:18.649Z] [hosting][populate queue][FINAL] {"max":868,"min":868,"avg":868,"active":0,"complete":1,"success":1,"errored":0,"retried":0,"total":1,"elapsed":873}
[debug] [2023-06-16T14:10:18.649Z] [hosting] uploads queued: 6
[debug] [2023-06-16T14:10:19.582Z] <<< [apiv2][status] POST https://upload-firebasehosting.googleapis.com/upload/sites/scandit-live/versions/0c006128fcca0ae0/files/3ee59515172ee198f3be375979df15ac5345183e656720a381b8872b2a39dc8b 200
[debug] [2023-06-16T14:10:19.582Z] <<< [apiv2][body] POST https://upload-firebasehosting.googleapis.com/upload/sites/scandit-live/versions/0c006128fcca0ae0/files/3ee59515172ee198f3be375979df15ac5345183e656720a381b8872b2a39dc8b [stream]
[debug] [2023-06-16T14:10:19.583Z] <<< [apiv2][status] POST https://upload-firebasehosting.googleapis.com/upload/sites/scandit-live/versions/0c006128fcca0ae0/files/820c850791eeaef190f4564272c4cbe718a2f8ead4973eeacc12aa8473f3b4c5 200
[debug] [2023-06-16T14:10:19.583Z] <<< [apiv2][body] POST https://upload-firebasehosting.googleapis.com/upload/sites/scandit-live/versions/0c006128fcca0ae0/files/820c850791eeaef190f4564272c4cbe718a2f8ead4973eeacc12aa8473f3b4c5 [stream]
[debug] [2023-06-16T14:10:19.585Z] <<< [apiv2][status] POST https://upload-firebasehosting.googleapis.com/upload/sites/scandit-live/versions/0c006128fcca0ae0/files/bfe106a3fb878dc83461c86818bf74fc1bdc7f28538ba613cd3e775516ce8b49 200
[debug] [2023-06-16T14:10:19.586Z] <<< [apiv2][body] POST https://upload-firebasehosting.googleapis.com/upload/sites/scandit-live/versions/0c006128fcca0ae0/files/bfe106a3fb878dc83461c86818bf74fc1bdc7f28538ba613cd3e775516ce8b49 [stream]
[debug] [2023-06-16T14:10:19.586Z] <<< [apiv2][status] POST https://upload-firebasehosting.googleapis.com/upload/sites/scandit-live/versions/0c006128fcca0ae0/files/eae62e993eb980ec8a25058c39d5a51feab118bd2100c4deebb2a9c158ec11f9 200
[debug] [2023-06-16T14:10:19.587Z] <<< [apiv2][body] POST https://upload-firebasehosting.googleapis.com/upload/sites/scandit-live/versions/0c006128fcca0ae0/files/eae62e993eb980ec8a25058c39d5a51feab118bd2100c4deebb2a9c158ec11f9 [stream]
[debug] [2023-06-16T14:10:19.587Z] <<< [apiv2][status] POST https://upload-firebasehosting.googleapis.com/upload/sites/scandit-live/versions/0c006128fcca0ae0/files/aff3449bdc238776f5d6d967f19ec491b36aed5fb7f23ccff6500736fd58494a 200
[debug] [2023-06-16T14:10:19.587Z] <<< [apiv2][body] POST https://upload-firebasehosting.googleapis.com/upload/sites/scandit-live/versions/0c006128fcca0ae0/files/aff3449bdc238776f5d6d967f19ec491b36aed5fb7f23ccff6500736fd58494a [stream]
[debug] [2023-06-16T14:10:19.596Z] <<< [apiv2][status] POST https://upload-firebasehosting.googleapis.com/upload/sites/scandit-live/versions/0c006128fcca0ae0/files/ee7e2f3fdb8209c4b6fd7bef6ba50d1b9dba30a25bb5c3126df057e1cb6f5331 200
[debug] [2023-06-16T14:10:19.596Z] <<< [apiv2][body] POST https://upload-firebasehosting.googleapis.com/upload/sites/scandit-live/versions/0c006128fcca0ae0/files/ee7e2f3fdb8209c4b6fd7bef6ba50d1b9dba30a25bb5c3126df057e1cb6f5331 [stream]
[debug] [2023-06-16T14:10:19.597Z] [hosting][upload queue][FINAL] {"max":953,"min":939,"avg":943.8333333333334,"active":0,"complete":6,"success":6,"errored":0,"retried":0,"total":6,"elapsed":954}
[info] +  hosting[scandit-live]: file upload complete 
[debug] [2023-06-16T14:10:19.598Z] [hosting] deploy completed after 1841ms
[info] i  database: releasing rules... 
[debug] [2023-06-16T14:10:19.600Z] >>> [apiv2][query] GET https://firebasedatabase.googleapis.com/v1beta/projects/scandit-live/locations/-/instances/scandit-live-default-rtdb [none]
[debug] [2023-06-16T14:10:19.935Z] <<< [apiv2][status] GET https://firebasedatabase.googleapis.com/v1beta/projects/scandit-live/locations/-/instances/scandit-live-default-rtdb 200
[debug] [2023-06-16T14:10:19.936Z] <<< [apiv2][body] GET https://firebasedatabase.googleapis.com/v1beta/projects/scandit-live/locations/-/instances/scandit-live-default-rtdb {"name":"projects/467950154544/locations/europe-west1/instances/scandit-live-default-rtdb","project":"projects/467950154544","databaseUrl":"https://scandit-live-default-rtdb.europe-west1.firebasedatabase.app","type":"DEFAULT_DATABASE","state":"ACTIVE"}
[debug] [2023-06-16T14:10:19.938Z] >>> [apiv2][query] PUT https://scandit-live-default-rtdb.europe-west1.firebasedatabase.app/.settings/rules.json 
[debug] [2023-06-16T14:10:19.938Z] >>> [apiv2][body] PUT https://scandit-live-default-rtdb.europe-west1.firebasedatabase.app/.settings/rules.json "{\n  /* Visit https://firebase.google.com/docs/database/security to learn more about security rules. */\n  \"rules\": {\n    \".read\": false,\n    \".write\": false\n  }\n}"
[debug] [2023-06-16T14:10:20.230Z] <<< [apiv2][status] PUT https://scandit-live-default-rtdb.europe-west1.firebasedatabase.app/.settings/rules.json 200
[debug] [2023-06-16T14:10:20.230Z] <<< [apiv2][body] PUT https://scandit-live-default-rtdb.europe-west1.firebasedatabase.app/.settings/rules.json {"status":"ok"}
[info] +  database: rules for database scandit-live-default-rtdb released successfully 
[debug] [2023-06-16T14:10:20.232Z] [rules] releasing cloud.firestore/(default) with ruleset projects/scandit-live/rulesets/930874c4-a30b-48a4-bebd-a75741e649d9
[debug] [2023-06-16T14:10:20.232Z] >>> [apiv2][query] PATCH https://firebaserules.googleapis.com/v1/projects/scandit-live/releases/cloud.firestore/(default) [none]
[debug] [2023-06-16T14:10:20.232Z] >>> [apiv2][body] PATCH https://firebaserules.googleapis.com/v1/projects/scandit-live/releases/cloud.firestore/(default) {"release":{"name":"projects/scandit-live/releases/cloud.firestore/(default)","rulesetName":"projects/scandit-live/rulesets/930874c4-a30b-48a4-bebd-a75741e649d9"}}
[debug] [2023-06-16T14:10:20.658Z] <<< [apiv2][status] PATCH https://firebaserules.googleapis.com/v1/projects/scandit-live/releases/cloud.firestore/(default) 200
[debug] [2023-06-16T14:10:20.658Z] <<< [apiv2][body] PATCH https://firebaserules.googleapis.com/v1/projects/scandit-live/releases/cloud.firestore/(default) {"name":"projects/scandit-live/releases/cloud.firestore","rulesetName":"projects/scandit-live/rulesets/930874c4-a30b-48a4-bebd-a75741e649d9","createTime":"2023-06-16T14:03:00.812946Z","updateTime":"2023-06-16T14:10:20.563445Z"}
[debug] [2023-06-16T14:10:20.658Z] [rules] updated release projects/scandit-live/releases/cloud.firestore
[info] +  firestore: released rules firestore.rules to cloud.firestore 
[info] i  functions: creating Node.js 18 (2nd Gen) function helloWorld(us-central1)... 
[debug] [2023-06-16T14:10:20.662Z] >>> [apiv2][query] POST https://cloudfunctions.googleapis.com/v2/projects/scandit-live/locations/us-central1/functions functionId=helloWorld
[debug] [2023-06-16T14:10:20.662Z] >>> [apiv2][body] POST https://cloudfunctions.googleapis.com/v2/projects/scandit-live/locations/us-central1/functions {"name":"projects/scandit-live/locations/us-central1/functions/helloWorld","buildConfig":{"runtime":"nodejs18","entryPoint":"helloWorld","source":{"storageSource":{"bucket":"gcf-v2-uploads-467950154544-us-central1","object":"a70ec15c-ae73-465d-bcdb-14cff6e9f1a1.zip"}},"environmentVariables":{"GOOGLE_NODE_RUN_SCRIPTS":""}},"serviceConfig":{"environmentVariables":{"FIREBASE_CONFIG":"{\"projectId\":\"scandit-live\",\"databaseURL\":\"https://scandit-live-default-rtdb.europe-west1.firebasedatabase.app\",\"storageBucket\":\"scandit-live.appspot.com\"}","GCLOUD_PROJECT":"scandit-live","EVENTARC_CLOUD_EVENT_SOURCE":"projects/scandit-live/locations/us-central1/services/helloWorld"},"ingressSettings":null,"timeoutSeconds":null,"serviceAccountEmail":null,"availableMemory":"256Mi","minInstanceCount":null,"maxInstanceCount":null,"maxInstanceRequestConcurrency":80,"availableCpu":"1","vpcConnector":null,"vpcConnectorEgressSettings":null},"labels":{"deployment-tool":"cli-firebase","firebase-functions-hash":"b327d3da658b96715a70beb89e3a94d162bd9650"}}
[debug] [2023-06-16T14:10:22.545Z] <<< [apiv2][status] POST https://cloudfunctions.googleapis.com/v2/projects/scandit-live/locations/us-central1/functions 200
[debug] [2023-06-16T14:10:22.545Z] <<< [apiv2][body] POST https://cloudfunctions.googleapis.com/v2/projects/scandit-live/locations/us-central1/functions {"name":"projects/scandit-live/locations/us-central1/operations/operation-1686924621355-5fe3fbed19825-160c302b-479a5451","metadata":{"@type":"type.googleapis.com/google.cloud.functions.v2.OperationMetadata","createTime":"2023-06-16T14:10:22.453249540Z","target":"projects/scandit-live/locations/us-central1/functions/helloWorld","verb":"create","cancelRequested":false,"apiVersion":"v2"},"done":false}
[debug] [2023-06-16T14:10:22.546Z] >>> [apiv2][query] GET https://cloudfunctions.googleapis.com/v2/projects/scandit-live/locations/us-central1/operations/operation-1686924621355-5fe3fbed19825-160c302b-479a5451 [none]
[debug] [2023-06-16T14:10:23.278Z] <<< [apiv2][status] GET https://cloudfunctions.googleapis.com/v2/projects/scandit-live/locations/us-central1/operations/operation-1686924621355-5fe3fbed19825-160c302b-479a5451 200
[debug] [2023-06-16T14:10:23.278Z] <<< [apiv2][body] GET https://cloudfunctions.googleapis.com/v2/projects/scandit-live/locations/us-central1/operations/operation-1686924621355-5fe3fbed19825-160c302b-479a5451 {"name":"projects/scandit-live/locations/us-central1/operations/operation-1686924621355-5fe3fbed19825-160c302b-479a5451","metadata":{"@type":"type.googleapis.com/google.cloud.functions.v2.OperationMetadata","createTime":"2023-06-16T14:10:22.453249540Z","target":"projects/scandit-live/locations/us-central1/functions/helloWorld","verb":"create","cancelRequested":false,"apiVersion":"v2","requestResource":{"@type":"type.googleapis.com/google.cloud.functions.v2.Function","name":"projects/scandit-live/locations/us-central1/functions/helloWorld","buildConfig":{"runtime":"nodejs18","entryPoint":"helloWorld","source":{"storageSource":{"bucket":"gcf-v2-sources-467950154544-us-central1","object":"helloWorld/function-source.zip"}},"environmentVariables":{"GOOGLE_NODE_RUN_SCRIPTS":""}},"serviceConfig":{"service":"projects/scandit-live/locations/us-central1/services/helloworld","timeoutSeconds":60,"environmentVariables":{"FIREBASE_CONFIG":"{\"projectId\":\"scandit-live\",\"databaseURL\":\"https://scandit-live-default-rtdb.europe-west1.firebasedatabase.app\",\"storageBucket\":\"scandit-live.appspot.com\"}","GCLOUD_PROJECT":"scandit-live","EVENTARC_CLOUD_EVENT_SOURCE":"projects/scandit-live/locations/us-central1/services/helloWorld"},"maxInstanceCount":100,"ingressSettings":"ALLOW_ALL","serviceAccountEmail":"467950154544-compute@developer.gserviceaccount.com","availableMemory":"256Mi","maxInstanceRequestConcurrency":80,"availableCpu":"1"},"labels":{"deployment-tool":"cli-firebase","firebase-functions-hash":"b327d3da658b96715a70beb89e3a94d162bd9650"},"environment":"GEN_2"},"stages":[{"name":"BUILD","state":"NOT_STARTED"},{"name":"SERVICE","state":"NOT_STARTED"}]},"done":false}
[debug] [2023-06-16T14:10:23.799Z] [create-default-us-central1-helloWorld] Retrying task index 0
[debug] [2023-06-16T14:10:23.799Z] >>> [apiv2][query] GET https://cloudfunctions.googleapis.com/v2/projects/scandit-live/locations/us-central1/operations/operation-1686924621355-5fe3fbed19825-160c302b-479a5451 [none]
[debug] [2023-06-16T14:10:24.551Z] <<< [apiv2][status] GET https://cloudfunctions.googleapis.com/v2/projects/scandit-live/locations/us-central1/operations/operation-1686924621355-5fe3fbed19825-160c302b-479a5451 200
[debug] [2023-06-16T14:10:24.552Z] <<< [apiv2][body] GET https://cloudfunctions.googleapis.com/v2/projects/scandit-live/locations/us-central1/operations/operation-1686924621355-5fe3fbed19825-160c302b-479a5451 {"name":"projects/scandit-live/locations/us-central1/operations/operation-1686924621355-5fe3fbed19825-160c302b-479a5451","metadata":{"@type":"type.googleapis.com/google.cloud.functions.v2.OperationMetadata","createTime":"2023-06-16T14:10:22.453249540Z","target":"projects/scandit-live/locations/us-central1/functions/helloWorld","verb":"create","cancelRequested":false,"apiVersion":"v2","requestResource":{"@type":"type.googleapis.com/google.cloud.functions.v2.Function","name":"projects/scandit-live/locations/us-central1/functions/helloWorld","buildConfig":{"runtime":"nodejs18","entryPoint":"helloWorld","source":{"storageSource":{"bucket":"gcf-v2-sources-467950154544-us-central1","object":"helloWorld/function-source.zip"}},"environmentVariables":{"GOOGLE_NODE_RUN_SCRIPTS":""}},"serviceConfig":{"service":"projects/scandit-live/locations/us-central1/services/helloworld","timeoutSeconds":60,"environmentVariables":{"FIREBASE_CONFIG":"{\"projectId\":\"scandit-live\",\"databaseURL\":\"https://scandit-live-default-rtdb.europe-west1.firebasedatabase.app\",\"storageBucket\":\"scandit-live.appspot.com\"}","GCLOUD_PROJECT":"scandit-live","EVENTARC_CLOUD_EVENT_SOURCE":"projects/scandit-live/locations/us-central1/services/helloWorld"},"maxInstanceCount":100,"ingressSettings":"ALLOW_ALL","serviceAccountEmail":"467950154544-compute@developer.gserviceaccount.com","availableMemory":"256Mi","maxInstanceRequestConcurrency":80,"availableCpu":"1"},"labels":{"deployment-tool":"cli-firebase","firebase-functions-hash":"b327d3da658b96715a70beb89e3a94d162bd9650"},"environment":"GEN_2"},"stages":[{"name":"BUILD","state":"NOT_STARTED"},{"name":"SERVICE","state":"NOT_STARTED"}]},"done":false}
[debug] [2023-06-16T14:10:25.565Z] [create-default-us-central1-helloWorld] Retrying task index 0
[debug] [2023-06-16T14:10:25.566Z] >>> [apiv2][query] GET https://cloudfunctions.googleapis.com/v2/projects/scandit-live/locations/us-central1/operations/operation-1686924621355-5fe3fbed19825-160c302b-479a5451 [none]
[debug] [2023-06-16T14:10:26.320Z] <<< [apiv2][status] GET https://cloudfunctions.googleapis.com/v2/projects/scandit-live/locations/us-central1/operations/operation-1686924621355-5fe3fbed19825-160c302b-479a5451 200
[debug] [2023-06-16T14:10:26.320Z] <<< [apiv2][body] GET https://cloudfunctions.googleapis.com/v2/projects/scandit-live/locations/us-central1/operations/operation-1686924621355-5fe3fbed19825-160c302b-479a5451 {"name":"projects/scandit-live/locations/us-central1/operations/operation-1686924621355-5fe3fbed19825-160c302b-479a5451","metadata":{"@type":"type.googleapis.com/google.cloud.functions.v2.OperationMetadata","createTime":"2023-06-16T14:10:22.453249540Z","target":"projects/scandit-live/locations/us-central1/functions/helloWorld","verb":"create","cancelRequested":false,"apiVersion":"v2","requestResource":{"@type":"type.googleapis.com/google.cloud.functions.v2.Function","name":"projects/scandit-live/locations/us-central1/functions/helloWorld","buildConfig":{"runtime":"nodejs18","entryPoint":"helloWorld","source":{"storageSource":{"bucket":"gcf-v2-sources-467950154544-us-central1","object":"helloWorld/function-source.zip"}},"environmentVariables":{"GOOGLE_NODE_RUN_SCRIPTS":""}},"serviceConfig":{"service":"projects/scandit-live/locations/us-central1/services/helloworld","timeoutSeconds":60,"environmentVariables":{"FIREBASE_CONFIG":"{\"projectId\":\"scandit-live\",\"databaseURL\":\"https://scandit-live-default-rtdb.europe-west1.firebasedatabase.app\",\"storageBucket\":\"scandit-live.appspot.com\"}","GCLOUD_PROJECT":"scandit-live","EVENTARC_CLOUD_EVENT_SOURCE":"projects/scandit-live/locations/us-central1/services/helloWorld"},"maxInstanceCount":100,"ingressSettings":"ALLOW_ALL","serviceAccountEmail":"467950154544-compute@developer.gserviceaccount.com","availableMemory":"256Mi","maxInstanceRequestConcurrency":80,"availableCpu":"1"},"labels":{"deployment-tool":"cli-firebase","firebase-functions-hash":"b327d3da658b96715a70beb89e3a94d162bd9650"},"environment":"GEN_2"},"stages":[{"name":"BUILD","state":"NOT_STARTED"},{"name":"SERVICE","state":"NOT_STARTED"}]},"done":false}
[debug] [2023-06-16T14:10:28.335Z] [create-default-us-central1-helloWorld] Retrying task index 0
[debug] [2023-06-16T14:10:28.335Z] >>> [apiv2][query] GET https://cloudfunctions.googleapis.com/v2/projects/scandit-live/locations/us-central1/operations/operation-1686924621355-5fe3fbed19825-160c302b-479a5451 [none]
[debug] [2023-06-16T14:10:29.073Z] <<< [apiv2][status] GET https://cloudfunctions.googleapis.com/v2/projects/scandit-live/locations/us-central1/operations/operation-1686924621355-5fe3fbed19825-160c302b-479a5451 200
[debug] [2023-06-16T14:10:29.073Z] <<< [apiv2][body] GET https://cloudfunctions.googleapis.com/v2/projects/scandit-live/locations/us-central1/operations/operation-1686924621355-5fe3fbed19825-160c302b-479a5451 {"name":"projects/scandit-live/locations/us-central1/operations/operation-1686924621355-5fe3fbed19825-160c302b-479a5451","metadata":{"@type":"type.googleapis.com/google.cloud.functions.v2.OperationMetadata","createTime":"2023-06-16T14:10:22.453249540Z","target":"projects/scandit-live/locations/us-central1/functions/helloWorld","verb":"create","cancelRequested":false,"apiVersion":"v2","requestResource":{"@type":"type.googleapis.com/google.cloud.functions.v2.Function","name":"projects/scandit-live/locations/us-central1/functions/helloWorld","buildConfig":{"runtime":"nodejs18","entryPoint":"helloWorld","source":{"storageSource":{"bucket":"gcf-v2-sources-467950154544-us-central1","object":"helloWorld/function-source.zip"}},"environmentVariables":{"GOOGLE_NODE_RUN_SCRIPTS":""}},"serviceConfig":{"service":"projects/scandit-live/locations/us-central1/services/helloworld","timeoutSeconds":60,"environmentVariables":{"FIREBASE_CONFIG":"{\"projectId\":\"scandit-live\",\"databaseURL\":\"https://scandit-live-default-rtdb.europe-west1.firebasedatabase.app\",\"storageBucket\":\"scandit-live.appspot.com\"}","GCLOUD_PROJECT":"scandit-live","EVENTARC_CLOUD_EVENT_SOURCE":"projects/scandit-live/locations/us-central1/services/helloWorld"},"maxInstanceCount":100,"ingressSettings":"ALLOW_ALL","serviceAccountEmail":"467950154544-compute@developer.gserviceaccount.com","availableMemory":"256Mi","maxInstanceRequestConcurrency":80,"availableCpu":"1"},"labels":{"deployment-tool":"cli-firebase","firebase-functions-hash":"b327d3da658b96715a70beb89e3a94d162bd9650"},"environment":"GEN_2"},"stages":[{"name":"BUILD","state":"NOT_STARTED"},{"name":"SERVICE","state":"NOT_STARTED"}]},"done":false}
[debug] [2023-06-16T14:10:33.087Z] [create-default-us-central1-helloWorld] Retrying task index 0
[debug] [2023-06-16T14:10:33.087Z] >>> [apiv2][query] GET https://cloudfunctions.googleapis.com/v2/projects/scandit-live/locations/us-central1/operations/operation-1686924621355-5fe3fbed19825-160c302b-479a5451 [none]
[debug] [2023-06-16T14:10:33.801Z] <<< [apiv2][status] GET https://cloudfunctions.googleapis.com/v2/projects/scandit-live/locations/us-central1/operations/operation-1686924621355-5fe3fbed19825-160c302b-479a5451 200
[debug] [2023-06-16T14:10:33.802Z] <<< [apiv2][body] GET https://cloudfunctions.googleapis.com/v2/projects/scandit-live/locations/us-central1/operations/operation-1686924621355-5fe3fbed19825-160c302b-479a5451 {"name":"projects/scandit-live/locations/us-central1/operations/operation-1686924621355-5fe3fbed19825-160c302b-479a5451","metadata":{"@type":"type.googleapis.com/google.cloud.functions.v2.OperationMetadata","createTime":"2023-06-16T14:10:22.453249540Z","target":"projects/scandit-live/locations/us-central1/functions/helloWorld","verb":"create","cancelRequested":false,"apiVersion":"v2","requestResource":{"@type":"type.googleapis.com/google.cloud.functions.v2.Function","name":"projects/scandit-live/locations/us-central1/functions/helloWorld","buildConfig":{"runtime":"nodejs18","entryPoint":"helloWorld","source":{"storageSource":{"bucket":"gcf-v2-sources-467950154544-us-central1","object":"helloWorld/function-source.zip"}},"environmentVariables":{"GOOGLE_NODE_RUN_SCRIPTS":""}},"serviceConfig":{"service":"projects/scandit-live/locations/us-central1/services/helloworld","timeoutSeconds":60,"environmentVariables":{"FIREBASE_CONFIG":"{\"projectId\":\"scandit-live\",\"databaseURL\":\"https://scandit-live-default-rtdb.europe-west1.firebasedatabase.app\",\"storageBucket\":\"scandit-live.appspot.com\"}","GCLOUD_PROJECT":"scandit-live","EVENTARC_CLOUD_EVENT_SOURCE":"projects/scandit-live/locations/us-central1/services/helloWorld"},"maxInstanceCount":100,"ingressSettings":"ALLOW_ALL","serviceAccountEmail":"467950154544-compute@developer.gserviceaccount.com","availableMemory":"256Mi","maxInstanceRequestConcurrency":80,"availableCpu":"1"},"labels":{"deployment-tool":"cli-firebase","firebase-functions-hash":"b327d3da658b96715a70beb89e3a94d162bd9650"},"environment":"GEN_2"},"stages":[{"name":"BUILD","state":"NOT_STARTED"},{"name":"SERVICE","state":"NOT_STARTED"}]},"done":false}
[debug] [2023-06-16T14:10:41.807Z] [create-default-us-central1-helloWorld] Retrying task index 0
[debug] [2023-06-16T14:10:41.807Z] >>> [apiv2][query] GET https://cloudfunctions.googleapis.com/v2/projects/scandit-live/locations/us-central1/operations/operation-1686924621355-5fe3fbed19825-160c302b-479a5451 [none]
[debug] [2023-06-16T14:10:42.567Z] <<< [apiv2][status] GET https://cloudfunctions.googleapis.com/v2/projects/scandit-live/locations/us-central1/operations/operation-1686924621355-5fe3fbed19825-160c302b-479a5451 200
[debug] [2023-06-16T14:10:42.568Z] <<< [apiv2][body] GET https://cloudfunctions.googleapis.com/v2/projects/scandit-live/locations/us-central1/operations/operation-1686924621355-5fe3fbed19825-160c302b-479a5451 {"name":"projects/scandit-live/locations/us-central1/operations/operation-1686924621355-5fe3fbed19825-160c302b-479a5451","metadata":{"@type":"type.googleapis.com/google.cloud.functions.v2.OperationMetadata","createTime":"2023-06-16T14:10:22.453249540Z","target":"projects/scandit-live/locations/us-central1/functions/helloWorld","verb":"create","cancelRequested":false,"apiVersion":"v2","requestResource":{"@type":"type.googleapis.com/google.cloud.functions.v2.Function","name":"projects/scandit-live/locations/us-central1/functions/helloWorld","buildConfig":{"runtime":"nodejs18","entryPoint":"helloWorld","source":{"storageSource":{"bucket":"gcf-v2-sources-467950154544-us-central1","object":"helloWorld/function-source.zip"}},"environmentVariables":{"GOOGLE_NODE_RUN_SCRIPTS":""}},"serviceConfig":{"service":"projects/scandit-live/locations/us-central1/services/helloworld","timeoutSeconds":60,"environmentVariables":{"FIREBASE_CONFIG":"{\"projectId\":\"scandit-live\",\"databaseURL\":\"https://scandit-live-default-rtdb.europe-west1.firebasedatabase.app\",\"storageBucket\":\"scandit-live.appspot.com\"}","GCLOUD_PROJECT":"scandit-live","EVENTARC_CLOUD_EVENT_SOURCE":"projects/scandit-live/locations/us-central1/services/helloWorld"},"maxInstanceCount":100,"ingressSettings":"ALLOW_ALL","serviceAccountEmail":"467950154544-compute@developer.gserviceaccount.com","availableMemory":"256Mi","maxInstanceRequestConcurrency":80,"availableCpu":"1"},"labels":{"deployment-tool":"cli-firebase","firebase-functions-hash":"b327d3da658b96715a70beb89e3a94d162bd9650"},"environment":"GEN_2"},"stages":[{"name":"BUILD","message":"Creating build","state":"IN_PROGRESS","resource":"projects/467950154544/locations/us-central1/builds/2f8a2214-3b51-4335-bb1f-bda8edd3c1e1","resourceUri":"https://console.cloud.google.com/cloud-build/builds;region=us-central1/2f8a2214-3b51-4335-bb1f-bda8edd3c1e1?project=467950154544"},{"name":"SERVICE","state":"NOT_STARTED"}]},"done":false}
